<?xml version="1.0" encoding="UTF-8"?>
<!-- Generated by org.testng.reporters.JUnitXMLReporter -->
<testsuite ignored="0" hostname="DESKTOP-CDA91RD" failures="0" tests="4" name="Test1" time="9.863" errors="0" timestamp="2026-02-19T06:24:11 GST">
  <testcase classname="testscript.LoginTest" name="verifyUserLoginWithValidCredentials" time="1.345"/>
  <testcase classname="testscript.LoginTest" name="verifyUserLoginWithValidUsernameandInvalidPassword" time="0.574"/>
  <testcase classname="testscript.LoginTest" name="verifyUserLoginWithInvalidUsernameandvalidPassword" time="0.569"/>
  <testcase classname="testscript.LoginTest" name="verifyUserLoginWithInvalidUsernameandInvalidPassword" time="0.556"/>
</testsuite> <!-- Test1 -->
