<?xml version="1.0" encoding="UTF-8"?>
<!-- Generated by org.testng.reporters.JUnitXMLReporter -->
<testsuite ignored="0" hostname="DESKTOP-CDA91RD" failures="0" tests="4" name="Chrometest" time="9.775" errors="0" timestamp="2026-02-19T06:30:47 GST">
  <testcase classname="testscript.LoginTest" name="verifyUserLoginWithValidCredentials" time="1.326"/>
  <testcase classname="testscript.LoginTest" name="verifyUserLoginWithValidUsernameandInvalidPassword" time="0.551"/>
  <testcase classname="testscript.LoginTest" name="verifyUserLoginWithInvalidUsernameandvalidPassword" time="0.589"/>
  <testcase classname="testscript.LoginTest" name="verifyUserLoginWithInvalidUsernameandInvalidPassword" time="0.551"/>
</testsuite> <!-- Chrometest -->
