<?xml version="1.0" encoding="UTF-8"?>
<!-- Generated by org.testng.reporters.JUnitXMLReporter -->
<testsuite ignored="2" hostname="DESKTOP-CDA91RD" failures="0" tests="2" name="Test" time="7.707" errors="0" timestamp="2026-02-18T17:56:42 GST">
  <testcase classname="testscript.LoginTest" name="verifyUserLoginWithValidCredentials" time="2.622"/>
  <testcase classname="testscript.LoginTest" name="verifyUserLoginWithInvalidUsernameandInvalidPassword" time="0.605"/>
  <testcase classname="testscript.LoginTest" name="verifyUserLoginWithInvalidUsernameandvalidPassword" time="0.0">
    <ignored/>
  </testcase> <!-- verifyUserLoginWithInvalidUsernameandvalidPassword -->
  <testcase classname="testscript.LoginTest" name="verifyUserLoginWithValidUsernameandInvalidPassword" time="0.0">
    <ignored/>
  </testcase> <!-- verifyUserLoginWithValidUsernameandInvalidPassword -->
</testsuite> <!-- Test -->
