<?xml version="1.0" encoding="UTF-8"?>
<!-- Generated by org.testng.reporters.JUnitReportReporter -->
<testsuite hostname="DESKTOP-CDA91RD" failures="0" tests="3" name="testscript.AdminUserTest" time="11.179" errors="0" timestamp="2026-02-27T07:59:20 GST" skipped="0">
  <testcase classname="testscript.AdminUserTest" name="verifyNewUserAdminAddedSuccessfully" time="4.481"/>
  <testcase classname="testscript.AdminUserTest" name="reset" time="3.751"/>
  <testcase classname="testscript.AdminUserTest" name="verifySearch" time="2.947"/>
</testsuite> <!-- testscript.AdminUserTest -->
