<?xml version="1.0" encoding="UTF-8"?>
<!-- Generated by org.testng.reporters.JUnitReportReporter -->
<testsuite hostname="DESKTOP-CDA91RD" failures="0" tests="3" name="testscript.AdminUserTest" time="13.702" errors="0" timestamp="2026-02-23T22:31:05 GST" skipped="0">
  <testcase classname="testscript.AdminUserTest" name="verifyNewUserAdminAddedSuccessfully" time="4.698"/>
  <testcase classname="testscript.AdminUserTest" name="verifySearch" time="3.445"/>
  <testcase classname="testscript.AdminUserTest" name="reset" time="5.559"/>
</testsuite> <!-- testscript.AdminUserTest -->
