<?xml version="1.0" encoding="UTF-8"?>
<!-- Generated by org.testng.reporters.JUnitReportReporter -->
<testsuite hostname="DESKTOP-CDA91RD" failures="0" tests="2" name="testscript.LoginTest" time="5.016" errors="0" timestamp="2026-02-23T22:31:05 GST" skipped="0">
  <testcase classname="testscript.LoginTest" name="verifyUserLoginWithInvalidUsernameandInvalidPassword" time="2.759"/>
  <testcase classname="testscript.LoginTest" name="verifyUserLoginWithInvalidUsernameandInvalidPassword" time="2.257"/>
</testsuite> <!-- testscript.LoginTest -->
