<?xml version="1.0" encoding="UTF-8"?>
<!-- Generated by org.testng.reporters.JUnitReportReporter -->
<testsuite hostname="DESKTOP-CDA91RD" failures="0" tests="5" name="testscript.LoginTest" time="14.503" errors="0" timestamp="2026-02-27T13:47:35 GST" skipped="0">
  <testcase classname="testscript.LoginTest" name="verifyUserLoginWithValidCredentials" time="4.258"/>
  <testcase classname="testscript.LoginTest" name="verifyUserLoginWithValidUsernameandInvalidPassword" time="2.555"/>
  <testcase classname="testscript.LoginTest" name="verifyUserLoginWithInvalidUsernameandvalidPassword" time="2.601"/>
  <testcase classname="testscript.LoginTest" name="verifyUserLoginWithInvalidUsernameandInvalidPassword" time="2.249"/>
  <testcase classname="testscript.LoginTest" name="verifyUserLoginWithInvalidUsernameandInvalidPassword" time="2.840"/>
</testsuite> <!-- testscript.LoginTest -->
