<?xml version="1.0" encoding="UTF-8"?>
<!-- Generated by org.testng.reporters.JUnitXMLReporter -->
<testsuite ignored="0" hostname="DESKTOP-CDA91RD" failures="0" tests="5" name="Test" time="14.571" errors="0" timestamp="2026-02-27T13:47:35 GST">
  <testcase classname="testscript.LoginTest" name="verifyUserLoginWithValidCredentials" time="2.355"/>
  <testcase classname="testscript.LoginTest" name="verifyUserLoginWithValidUsernameandInvalidPassword" time="0.711"/>
  <testcase classname="testscript.LoginTest" name="verifyUserLoginWithInvalidUsernameandvalidPassword" time="0.649"/>
  <testcase classname="testscript.LoginTest" name="verifyUserLoginWithInvalidUsernameandInvalidPassword" time="0.474"/>
  <testcase classname="testscript.LoginTest" name="verifyUserLoginWithInvalidUsernameandInvalidPassword" time="0.571"/>
</testsuite> <!-- Test -->
