<?xml version="1.0" encoding="UTF-8"?>
<testng-results ignored="0" total="5" passed="5" failed="0" skipped="0">
  <reporter-output>
  </reporter-output>
  <suite started-at="2026-02-23T22:30:46 GST" name="Suite" finished-at="2026-02-23T22:31:04 GST" duration-ms="18801">
    <groups>
      <group name="smoke">
        <method signature="LoginTest.verifyUserLoginWithInvalidUsernameandInvalidPassword(java.lang.String,java.lang.String)[pri:4, instance:testscript.LoginTest@69ee81fc]" name="verifyUserLoginWithInvalidUsernameandInvalidPassword" class="testscript.LoginTest"/>
      </group> <!-- smoke -->
    </groups>
    <test started-at="2026-02-23T22:30:46 GST" name="Test" finished-at="2026-02-23T22:31:04 GST" duration-ms="18801">
      <class name="testscript.AdminUserTest">
        <test-method is-config="true" signature="initializeBrowser(java.lang.String)[pri:0, instance:testscript.AdminUserTest@3e2055d6]" started-at="2026-02-23T22:30:51 GST" name="initializeBrowser" finished-at="2026-02-23T22:30:52 GST" duration-ms="1682" status="PASS">
          <params>
            <param index="0">
              <value>
                <![CDATA[chrome]]>
              </value>
            </param>
          </params>
          <reporter-output>
          </reporter-output>
        </test-method> <!-- initializeBrowser -->
        <test-method signature="reset()[pri:0, instance:testscript.AdminUserTest@3e2055d6]" started-at="2026-02-23T22:30:52 GST" name="reset" finished-at="2026-02-23T22:30:56 GST" duration-ms="3777" status="PASS">
          <reporter-output>
          </reporter-output>
        </test-method> <!-- reset -->
        <test-method is-config="true" signature="closeBrowser(org.testng.ITestResult)[pri:0, instance:testscript.AdminUserTest@3e2055d6]" started-at="2026-02-23T22:30:56 GST" name="closeBrowser" finished-at="2026-02-23T22:30:56 GST" duration-ms="2" status="PASS">
          <params>
            <param index="0">
              <value>
                <![CDATA[[TestResult name=reset status=SUCCESS method=AdminUserTest.reset()[pri:0, instance:testscript.AdminUserTest@3e2055d6] output={null}]]]>
              </value>
            </param>
          </params>
          <reporter-output>
          </reporter-output>
        </test-method> <!-- closeBrowser -->
        <test-method is-config="true" signature="initializeBrowser(java.lang.String)[pri:0, instance:testscript.AdminUserTest@3e2055d6]" started-at="2026-02-23T22:30:56 GST" name="initializeBrowser" finished-at="2026-02-23T22:30:58 GST" duration-ms="1782" status="PASS">
          <params>
            <param index="0">
              <value>
                <![CDATA[chrome]]>
              </value>
            </param>
          </params>
          <reporter-output>
          </reporter-output>
        </test-method> <!-- initializeBrowser -->
        <test-method signature="verifyNewUserAdminAddedSuccessfully()[pri:0, instance:testscript.AdminUserTest@3e2055d6]" started-at="2026-02-23T22:30:58 GST" name="verifyNewUserAdminAddedSuccessfully" description="user is trying to add new admin user" finished-at="2026-02-23T22:31:01 GST" duration-ms="3014" status="PASS">
          <reporter-output>
          </reporter-output>
        </test-method> <!-- verifyNewUserAdminAddedSuccessfully -->
        <test-method is-config="true" signature="closeBrowser(org.testng.ITestResult)[pri:0, instance:testscript.AdminUserTest@3e2055d6]" started-at="2026-02-23T22:31:01 GST" name="closeBrowser" finished-at="2026-02-23T22:31:01 GST" duration-ms="0" status="PASS">
          <params>
            <param index="0">
              <value>
                <![CDATA[[TestResult name=verifyNewUserAdminAddedSuccessfully status=SUCCESS method=AdminUserTest.verifyNewUserAdminAddedSuccessfully()[pri:0, instance:testscript.AdminUserTest@3e2055d6] output={null}]]]>
              </value>
            </param>
          </params>
          <reporter-output>
          </reporter-output>
        </test-method> <!-- closeBrowser -->
        <test-method is-config="true" signature="initializeBrowser(java.lang.String)[pri:0, instance:testscript.AdminUserTest@3e2055d6]" started-at="2026-02-23T22:31:01 GST" name="initializeBrowser" finished-at="2026-02-23T22:31:03 GST" duration-ms="1782" status="PASS">
          <params>
            <param index="0">
              <value>
                <![CDATA[chrome]]>
              </value>
            </param>
          </params>
          <reporter-output>
          </reporter-output>
        </test-method> <!-- initializeBrowser -->
        <test-method signature="verifySearch()[pri:0, instance:testscript.AdminUserTest@3e2055d6]" started-at="2026-02-23T22:31:03 GST" name="verifySearch" description="user is trying to search the newly added users" finished-at="2026-02-23T22:31:04 GST" duration-ms="1662" status="PASS">
          <reporter-output>
          </reporter-output>
        </test-method> <!-- verifySearch -->
        <test-method is-config="true" signature="closeBrowser(org.testng.ITestResult)[pri:0, instance:testscript.AdminUserTest@3e2055d6]" started-at="2026-02-23T22:31:04 GST" name="closeBrowser" finished-at="2026-02-23T22:31:04 GST" duration-ms="1" status="PASS">
          <params>
            <param index="0">
              <value>
                <![CDATA[[TestResult name=verifySearch status=SUCCESS method=AdminUserTest.verifySearch()[pri:0, instance:testscript.AdminUserTest@3e2055d6] output={null}]]]>
              </value>
            </param>
          </params>
          <reporter-output>
          </reporter-output>
        </test-method> <!-- closeBrowser -->
      </class> <!-- testscript.AdminUserTest -->
      <class name="testscript.LoginTest">
        <test-method is-config="true" signature="initializeBrowser(java.lang.String)[pri:0, instance:testscript.LoginTest@69ee81fc]" started-at="2026-02-23T22:30:46 GST" name="initializeBrowser" finished-at="2026-02-23T22:30:48 GST" duration-ms="2203" status="PASS">
          <params>
            <param index="0">
              <value>
                <![CDATA[chrome]]>
              </value>
            </param>
          </params>
          <reporter-output>
          </reporter-output>
        </test-method> <!-- initializeBrowser -->
        <test-method signature="verifyUserLoginWithInvalidUsernameandInvalidPassword(java.lang.String,java.lang.String)[pri:4, instance:testscript.LoginTest@69ee81fc]" started-at="2026-02-23T22:30:48 GST" name="verifyUserLoginWithInvalidUsernameandInvalidPassword" description="user is trying to login with invalid username an invalid password" data-provider="loginProvider" finished-at="2026-02-23T22:30:48 GST" duration-ms="555" status="PASS">
          <params>
            <param index="0">
              <value>
                <![CDATA[admin]]>
              </value>
            </param>
            <param index="1">
              <value>
                <![CDATA[admin22]]>
              </value>
            </param>
          </params>
          <reporter-output>
          </reporter-output>
        </test-method> <!-- verifyUserLoginWithInvalidUsernameandInvalidPassword -->
        <test-method is-config="true" signature="closeBrowser(org.testng.ITestResult)[pri:0, instance:testscript.LoginTest@69ee81fc]" started-at="2026-02-23T22:30:48 GST" name="closeBrowser" finished-at="2026-02-23T22:30:48 GST" duration-ms="2" status="PASS">
          <params>
            <param index="0">
              <value>
                <![CDATA[[TestResult name=verifyUserLoginWithInvalidUsernameandInvalidPassword status=SUCCESS method=LoginTest.verifyUserLoginWithInvalidUsernameandInvalidPassword(java.lang.String,java.lang.String)[pri:4, instance:testscript.LoginTest@69ee81fc] output={null}]]]>
              </value>
            </param>
          </params>
          <reporter-output>
          </reporter-output>
        </test-method> <!-- closeBrowser -->
        <test-method is-config="true" signature="initializeBrowser(java.lang.String)[pri:0, instance:testscript.LoginTest@69ee81fc]" started-at="2026-02-23T22:30:48 GST" name="initializeBrowser" finished-at="2026-02-23T22:30:50 GST" duration-ms="1753" status="PASS">
          <params>
            <param index="0">
              <value>
                <![CDATA[chrome]]>
              </value>
            </param>
          </params>
          <reporter-output>
          </reporter-output>
        </test-method> <!-- initializeBrowser -->
        <test-method signature="verifyUserLoginWithInvalidUsernameandInvalidPassword(java.lang.String,java.lang.String)[pri:4, instance:testscript.LoginTest@69ee81fc]" started-at="2026-02-23T22:30:50 GST" name="verifyUserLoginWithInvalidUsernameandInvalidPassword" description="user is trying to login with invalid username an invalid password" data-provider="loginProvider" finished-at="2026-02-23T22:30:51 GST" duration-ms="502" status="PASS">
          <params>
            <param index="0">
              <value>
                <![CDATA[admin123]]>
              </value>
            </param>
            <param index="1">
              <value>
                <![CDATA[123]]>
              </value>
            </param>
          </params>
          <reporter-output>
          </reporter-output>
        </test-method> <!-- verifyUserLoginWithInvalidUsernameandInvalidPassword -->
        <test-method is-config="true" signature="closeBrowser(org.testng.ITestResult)[pri:0, instance:testscript.LoginTest@69ee81fc]" started-at="2026-02-23T22:30:51 GST" name="closeBrowser" finished-at="2026-02-23T22:30:51 GST" duration-ms="1" status="PASS">
          <params>
            <param index="0">
              <value>
                <![CDATA[[TestResult name=verifyUserLoginWithInvalidUsernameandInvalidPassword status=SUCCESS method=LoginTest.verifyUserLoginWithInvalidUsernameandInvalidPassword(java.lang.String,java.lang.String)[pri:4, instance:testscript.LoginTest@69ee81fc] output={null}]]]>
              </value>
            </param>
          </params>
          <reporter-output>
          </reporter-output>
        </test-method> <!-- closeBrowser -->
      </class> <!-- testscript.LoginTest -->
    </test> <!-- Test -->
  </suite> <!-- Suite -->
</testng-results>
