<?xml version="1.0" encoding="UTF-8"?>
<testng-results ignored="0" total="5" passed="5" failed="0" skipped="0">
  <reporter-output>
  </reporter-output>
  <suite started-at="2026-02-27T13:47:20 GST" name="Suite" finished-at="2026-02-27T13:47:35 GST" duration-ms="14571">
    <groups>
      <group name="smoke">
        <method signature="LoginTest.verifyUserLoginWithValidCredentials()[pri:1, instance:testscript.LoginTest@1df8da7a]" name="verifyUserLoginWithValidCredentials" class="testscript.LoginTest"/>
        <method signature="LoginTest.verifyUserLoginWithInvalidUsernameandInvalidPassword(java.lang.String,java.lang.String)[pri:4, instance:testscript.LoginTest@1df8da7a]" name="verifyUserLoginWithInvalidUsernameandInvalidPassword" class="testscript.LoginTest"/>
      </group> <!-- smoke -->
    </groups>
    <test started-at="2026-02-27T13:47:20 GST" name="Test" finished-at="2026-02-27T13:47:35 GST" duration-ms="14571">
      <class name="testscript.LoginTest">
        <test-method is-config="true" signature="initializeBrowser(java.lang.String)[pri:0, instance:testscript.LoginTest@1df8da7a]" started-at="2026-02-27T13:47:20 GST" name="initializeBrowser" finished-at="2026-02-27T13:47:22 GST" duration-ms="2268" status="PASS">
          <params>
            <param index="0">
              <value>
                <![CDATA[chrome]]>
              </value>
            </param>
          </params>
          <reporter-output>
          </reporter-output>
        </test-method> <!-- initializeBrowser -->
        <test-method signature="verifyUserLoginWithValidCredentials()[pri:1, instance:testscript.LoginTest@1df8da7a]" started-at="2026-02-27T13:47:22 GST" name="verifyUserLoginWithValidCredentials" description="user is trying to login with vlid credentials" finished-at="2026-02-27T13:47:25 GST" duration-ms="2355" status="PASS">
          <reporter-output>
          </reporter-output>
        </test-method> <!-- verifyUserLoginWithValidCredentials -->
        <test-method is-config="true" signature="closeBrowser(org.testng.ITestResult)[pri:0, instance:testscript.LoginTest@1df8da7a]" started-at="2026-02-27T13:47:25 GST" name="closeBrowser" finished-at="2026-02-27T13:47:25 GST" duration-ms="4" status="PASS">
          <params>
            <param index="0">
              <value>
                <![CDATA[[TestResult name=verifyUserLoginWithValidCredentials status=SUCCESS method=LoginTest.verifyUserLoginWithValidCredentials()[pri:1, instance:testscript.LoginTest@1df8da7a] output={null}]]]>
              </value>
            </param>
          </params>
          <reporter-output>
          </reporter-output>
        </test-method> <!-- closeBrowser -->
        <test-method is-config="true" signature="initializeBrowser(java.lang.String)[pri:0, instance:testscript.LoginTest@1df8da7a]" started-at="2026-02-27T13:47:25 GST" name="initializeBrowser" finished-at="2026-02-27T13:47:27 GST" duration-ms="1951" status="PASS">
          <params>
            <param index="0">
              <value>
                <![CDATA[chrome]]>
              </value>
            </param>
          </params>
          <reporter-output>
          </reporter-output>
        </test-method> <!-- initializeBrowser -->
        <test-method signature="verifyUserLoginWithValidUsernameandInvalidPassword()[pri:2, instance:testscript.LoginTest@1df8da7a]" started-at="2026-02-27T13:47:27 GST" name="verifyUserLoginWithValidUsernameandInvalidPassword" description="user is trying to login with valid username an invalid password" finished-at="2026-02-27T13:47:27 GST" duration-ms="711" status="PASS">
          <reporter-output>
          </reporter-output>
        </test-method> <!-- verifyUserLoginWithValidUsernameandInvalidPassword -->
        <test-method is-config="true" signature="closeBrowser(org.testng.ITestResult)[pri:0, instance:testscript.LoginTest@1df8da7a]" started-at="2026-02-27T13:47:27 GST" name="closeBrowser" finished-at="2026-02-27T13:47:27 GST" duration-ms="1" status="PASS">
          <params>
            <param index="0">
              <value>
                <![CDATA[[TestResult name=verifyUserLoginWithValidUsernameandInvalidPassword status=SUCCESS method=LoginTest.verifyUserLoginWithValidUsernameandInvalidPassword()[pri:2, instance:testscript.LoginTest@1df8da7a] output={null}]]]>
              </value>
            </param>
          </params>
          <reporter-output>
          </reporter-output>
        </test-method> <!-- closeBrowser -->
        <test-method is-config="true" signature="initializeBrowser(java.lang.String)[pri:0, instance:testscript.LoginTest@1df8da7a]" started-at="2026-02-27T13:47:27 GST" name="initializeBrowser" finished-at="2026-02-27T13:47:29 GST" duration-ms="1844" status="PASS">
          <params>
            <param index="0">
              <value>
                <![CDATA[chrome]]>
              </value>
            </param>
          </params>
          <reporter-output>
          </reporter-output>
        </test-method> <!-- initializeBrowser -->
        <test-method signature="verifyUserLoginWithInvalidUsernameandvalidPassword()[pri:3, instance:testscript.LoginTest@1df8da7a]" started-at="2026-02-27T13:47:29 GST" name="verifyUserLoginWithInvalidUsernameandvalidPassword" description="user is trying to login with invalid username an valid password" finished-at="2026-02-27T13:47:30 GST" duration-ms="649" status="PASS">
          <reporter-output>
          </reporter-output>
        </test-method> <!-- verifyUserLoginWithInvalidUsernameandvalidPassword -->
        <test-method is-config="true" signature="closeBrowser(org.testng.ITestResult)[pri:0, instance:testscript.LoginTest@1df8da7a]" started-at="2026-02-27T13:47:30 GST" name="closeBrowser" finished-at="2026-02-27T13:47:30 GST" duration-ms="0" status="PASS">
          <params>
            <param index="0">
              <value>
                <![CDATA[[TestResult name=verifyUserLoginWithInvalidUsernameandvalidPassword status=SUCCESS method=LoginTest.verifyUserLoginWithInvalidUsernameandvalidPassword()[pri:3, instance:testscript.LoginTest@1df8da7a] output={null}]]]>
              </value>
            </param>
          </params>
          <reporter-output>
          </reporter-output>
        </test-method> <!-- closeBrowser -->
        <test-method is-config="true" signature="initializeBrowser(java.lang.String)[pri:0, instance:testscript.LoginTest@1df8da7a]" started-at="2026-02-27T13:47:30 GST" name="initializeBrowser" finished-at="2026-02-27T13:47:32 GST" duration-ms="1903" status="PASS">
          <params>
            <param index="0">
              <value>
                <![CDATA[chrome]]>
              </value>
            </param>
          </params>
          <reporter-output>
          </reporter-output>
        </test-method> <!-- initializeBrowser -->
        <test-method signature="verifyUserLoginWithInvalidUsernameandInvalidPassword(java.lang.String,java.lang.String)[pri:4, instance:testscript.LoginTest@1df8da7a]" started-at="2026-02-27T13:47:32 GST" name="verifyUserLoginWithInvalidUsernameandInvalidPassword" description="user is trying to login with invalid username an invalid password" data-provider="loginProvider" finished-at="2026-02-27T13:47:32 GST" duration-ms="474" status="PASS">
          <params>
            <param index="0">
              <value>
                <![CDATA[admin]]>
              </value>
            </param>
            <param index="1">
              <value>
                <![CDATA[admin22]]>
              </value>
            </param>
          </params>
          <reporter-output>
          </reporter-output>
        </test-method> <!-- verifyUserLoginWithInvalidUsernameandInvalidPassword -->
        <test-method is-config="true" signature="closeBrowser(org.testng.ITestResult)[pri:0, instance:testscript.LoginTest@1df8da7a]" started-at="2026-02-27T13:47:32 GST" name="closeBrowser" finished-at="2026-02-27T13:47:32 GST" duration-ms="1" status="PASS">
          <params>
            <param index="0">
              <value>
                <![CDATA[[TestResult name=verifyUserLoginWithInvalidUsernameandInvalidPassword status=SUCCESS method=LoginTest.verifyUserLoginWithInvalidUsernameandInvalidPassword(java.lang.String,java.lang.String)[pri:4, instance:testscript.LoginTest@1df8da7a] output={null}]]]>
              </value>
            </param>
          </params>
          <reporter-output>
          </reporter-output>
        </test-method> <!-- closeBrowser -->
        <test-method is-config="true" signature="initializeBrowser(java.lang.String)[pri:0, instance:testscript.LoginTest@1df8da7a]" started-at="2026-02-27T13:47:32 GST" name="initializeBrowser" finished-at="2026-02-27T13:47:34 GST" duration-ms="1771" status="PASS">
          <params>
            <param index="0">
              <value>
                <![CDATA[chrome]]>
              </value>
            </param>
          </params>
          <reporter-output>
          </reporter-output>
        </test-method> <!-- initializeBrowser -->
        <test-method signature="verifyUserLoginWithInvalidUsernameandInvalidPassword(java.lang.String,java.lang.String)[pri:4, instance:testscript.LoginTest@1df8da7a]" started-at="2026-02-27T13:47:34 GST" name="verifyUserLoginWithInvalidUsernameandInvalidPassword" description="user is trying to login with invalid username an invalid password" data-provider="loginProvider" finished-at="2026-02-27T13:47:35 GST" duration-ms="571" status="PASS">
          <params>
            <param index="0">
              <value>
                <![CDATA[admin123]]>
              </value>
            </param>
            <param index="1">
              <value>
                <![CDATA[123]]>
              </value>
            </param>
          </params>
          <reporter-output>
          </reporter-output>
        </test-method> <!-- verifyUserLoginWithInvalidUsernameandInvalidPassword -->
        <test-method is-config="true" signature="closeBrowser(org.testng.ITestResult)[pri:0, instance:testscript.LoginTest@1df8da7a]" started-at="2026-02-27T13:47:35 GST" name="closeBrowser" finished-at="2026-02-27T13:47:35 GST" duration-ms="0" status="PASS">
          <params>
            <param index="0">
              <value>
                <![CDATA[[TestResult name=verifyUserLoginWithInvalidUsernameandInvalidPassword status=SUCCESS method=LoginTest.verifyUserLoginWithInvalidUsernameandInvalidPassword(java.lang.String,java.lang.String)[pri:4, instance:testscript.LoginTest@1df8da7a] output={null}]]]>
              </value>
            </param>
          </params>
          <reporter-output>
          </reporter-output>
        </test-method> <!-- closeBrowser -->
      </class> <!-- testscript.LoginTest -->
    </test> <!-- Test -->
  </suite> <!-- Suite -->
</testng-results>
