<?xml version="1.0" encoding="UTF-8"?>
<!-- Generated by org.testng.reporters.JUnitXMLReporter -->
<testsuite ignored="0" hostname="DESKTOP-CDA91RD" failures="0" tests="4" name="ChromeTest" time="10.98" errors="0" timestamp="2026-02-19T06:14:37 GST">
  <testcase classname="testscript.LoginTest" name="verifyUserLoginWithValidCredentials" time="0.75"/>
  <testcase classname="testscript.LoginTest" name="verifyUserLoginWithValidUsernameandInvalidPassword" time="0.596"/>
  <testcase classname="testscript.LoginTest" name="verifyUserLoginWithInvalidUsernameandvalidPassword" time="0.797"/>
  <testcase classname="testscript.LoginTest" name="verifyUserLoginWithInvalidUsernameandInvalidPassword" time="0.998"/>
</testsuite> <!-- ChromeTest -->
