<?xml version="1.0" encoding="UTF-8"?>
<!-- Generated by org.testng.reporters.JUnitXMLReporter -->
<testsuite ignored="0" hostname="DESKTOP-CDA91RD" failures="0" tests="4" name="EdgeTest" time="1.931" errors="0" timestamp="2026-02-19T06:14:39 GST">
  <testcase classname="testscript.LoginTest" name="verifyUserLoginWithValidCredentials" time="0.0">
    <skipped/>
  </testcase> <!-- verifyUserLoginWithValidCredentials -->
  <testcase classname="testscript.LoginTest" name="verifyUserLoginWithValidUsernameandInvalidPassword" time="0.0">
    <skipped/>
  </testcase> <!-- verifyUserLoginWithValidUsernameandInvalidPassword -->
  <testcase classname="testscript.LoginTest" name="verifyUserLoginWithInvalidUsernameandvalidPassword" time="0.0">
    <skipped/>
  </testcase> <!-- verifyUserLoginWithInvalidUsernameandvalidPassword -->
  <testcase classname="testscript.LoginTest" name="verifyUserLoginWithInvalidUsernameandInvalidPassword" time="0.0">
    <skipped/>
  </testcase> <!-- verifyUserLoginWithInvalidUsernameandInvalidPassword -->
</testsuite> <!-- EdgeTest -->
