<?xml version="1.0" encoding="UTF-8"?>
<!-- Generated by org.testng.reporters.JUnitXMLReporter -->
<testsuite ignored="0" hostname="DESKTOP-CDA91RD" failures="0" tests="4" name="FirefoxTest" time="20.873" errors="0" timestamp="2026-02-19T06:14:26 GST">
  <testcase classname="testscript.LoginTest" name="verifyUserLoginWithValidCredentials" time="1.307"/>
  <testcase classname="testscript.LoginTest" name="verifyUserLoginWithValidUsernameandInvalidPassword" time="0.464"/>
  <testcase classname="testscript.LoginTest" name="verifyUserLoginWithInvalidUsernameandvalidPassword" time="0.372"/>
  <testcase classname="testscript.LoginTest" name="verifyUserLoginWithInvalidUsernameandInvalidPassword" time="0.712"/>
</testsuite> <!-- FirefoxTest -->
